  CameraBase.cpp
  Collider.cpp
  EntityBase.cpp
  FPSCounter.cpp
  GraphicsManager.cpp
  KeyboardController.cpp
  LightBase.cpp
  LoadOBJ.cpp
  LoadTGA.cpp
  MathUtility.cpp
  MatrixStack.cpp
  Mesh.cpp
  MeshBuilder.cpp
  MouseController.cpp
  Mtx44.cpp
  RenderHelper.cpp
  SceneManager.cpp
  ShaderProgram.cpp
  timer.cpp
  Utility.cpp
  Compiling...
  Vector2.cpp
  Vector3.cpp
  Win32Input.cpp
  Common.vcxproj -> C:\Users\Kian Marvi\Documents\NYP_GDT\AGDEV\Assignment\NYP_Framework_Week01_SOLUTION\Release\Common.lib
