  Application.cpp
  CameraEffects.cpp
  Enemy3D.cpp
  EntityManager.cpp
  FPSCamera.cpp
  GenericEntity.cpp
  GroundEntity.cpp
  Controller.cpp
  Keyboard.cpp
  Mouse.cpp
  Light.cpp
  main.cpp
  Minimap.cpp
  OBJMesh.cpp
  PlayerInfo.cpp
  Projectile.cpp
  Animation.cpp
  Enemy.cpp
  Goodies.cpp
  GoodiesFactory.cpp
  Generating Code...
  Compiling...
  Map.cpp
  PlayerInfo2D.cpp
  Scene2D.cpp
  Strategy.cpp
  Strategy_Kill.cpp
  TreasureChest.cpp
  SceneGraph.cpp
  SceneNode.cpp
  Transform.cpp
  UpdateTransformation.cpp
  SceneText.cpp
  SkyBoxEntity.cpp
  SoundEngine.cpp
  SpriteEntity.cpp
  TextEntity.cpp
  Pistol.cpp
  RPG.cpp
  WeaponInfo.cpp
  Generating Code...
Application.obj : warning LNK4075: ignoring '/EDITANDCONTINUE' due to '/INCREMENTAL:NO' specification
LINK : warning LNK4098: defaultlib 'MSVCRT' conflicts with use of other libs; use /NODEFAULTLIB:library
  Base.vcxproj -> C:\Users\Kian Marvi\Downloads\NYP_Framework_Week03_SOLUTION\Debug\Base.exe
