d:\my documents\2019_2020_sem2\dm2240 agdev\teaching materials\week_03\practical\nyp_framework_week03_solution\base\for_v120\vc120.pdb
d:\my documents\2019_2020_sem2\dm2240 agdev\teaching materials\week_03\practical\nyp_framework_week03_solution\base\for_v120\vc120.idb
d:\my documents\2019_2020_sem2\dm2240 agdev\teaching materials\week_03\practical\nyp_framework_week03_solution\base\for_v120\goodies.obj
d:\my documents\2019_2020_sem2\dm2240 agdev\teaching materials\week_03\practical\nyp_framework_week03_solution\base\for_v120\goodiesfactory.obj
d:\my documents\2019_2020_sem2\dm2240 agdev\teaching materials\week_03\practical\nyp_framework_week03_solution\base\for_v120\map.obj
d:\my documents\2019_2020_sem2\dm2240 agdev\teaching materials\week_03\practical\nyp_framework_week03_solution\base\for_v120\playerinfo2d.obj
d:\my documents\2019_2020_sem2\dm2240 agdev\teaching materials\week_03\practical\nyp_framework_week03_solution\base\for_v120\scene2d.obj
d:\my documents\2019_2020_sem2\dm2240 agdev\teaching materials\week_03\practical\nyp_framework_week03_solution\base\for_v120\strategy.obj
d:\my documents\2019_2020_sem2\dm2240 agdev\teaching materials\week_03\practical\nyp_framework_week03_solution\base\for_v120\strategy_kill.obj
d:\my documents\2019_2020_sem2\dm2240 agdev\teaching materials\week_03\practical\nyp_framework_week03_solution\base\for_v120\treasurechest.obj
d:\my documents\2019_2020_sem2\dm2240 agdev\teaching materials\week_03\practical\nyp_framework_week03_solution\base\for_v120\scenegraph.obj
d:\my documents\2019_2020_sem2\dm2240 agdev\teaching materials\week_03\practical\nyp_framework_week03_solution\base\for_v120\scenenode.obj
d:\my documents\2019_2020_sem2\dm2240 agdev\teaching materials\week_03\practical\nyp_framework_week03_solution\base\for_v120\transform.obj
d:\my documents\2019_2020_sem2\dm2240 agdev\teaching materials\week_03\practical\nyp_framework_week03_solution\base\for_v120\updatetransformation.obj
d:\my documents\2019_2020_sem2\dm2240 agdev\teaching materials\week_03\practical\nyp_framework_week03_solution\base\for_v120\scenetext.obj
d:\my documents\2019_2020_sem2\dm2240 agdev\teaching materials\week_03\practical\nyp_framework_week03_solution\base\for_v120\skyboxentity.obj
d:\my documents\2019_2020_sem2\dm2240 agdev\teaching materials\week_03\practical\nyp_framework_week03_solution\base\for_v120\soundengine.obj
d:\my documents\2019_2020_sem2\dm2240 agdev\teaching materials\week_03\practical\nyp_framework_week03_solution\base\for_v120\spriteentity.obj
d:\my documents\2019_2020_sem2\dm2240 agdev\teaching materials\week_03\practical\nyp_framework_week03_solution\base\for_v120\textentity.obj
d:\my documents\2019_2020_sem2\dm2240 agdev\teaching materials\week_03\practical\nyp_framework_week03_solution\base\for_v120\pistol.obj
d:\my documents\2019_2020_sem2\dm2240 agdev\teaching materials\week_03\practical\nyp_framework_week03_solution\base\for_v120\rpg.obj
d:\my documents\2019_2020_sem2\dm2240 agdev\teaching materials\week_03\practical\nyp_framework_week03_solution\base\for_v120\weaponinfo.obj
d:\my documents\2019_2020_sem2\dm2240 agdev\teaching materials\week_03\practical\nyp_framework_week03_solution\base\for_v120\application.obj
d:\my documents\2019_2020_sem2\dm2240 agdev\teaching materials\week_03\practical\nyp_framework_week03_solution\base\for_v120\cameraeffects.obj
d:\my documents\2019_2020_sem2\dm2240 agdev\teaching materials\week_03\practical\nyp_framework_week03_solution\base\for_v120\enemy3d.obj
d:\my documents\2019_2020_sem2\dm2240 agdev\teaching materials\week_03\practical\nyp_framework_week03_solution\base\for_v120\entitymanager.obj
d:\my documents\2019_2020_sem2\dm2240 agdev\teaching materials\week_03\practical\nyp_framework_week03_solution\base\for_v120\fpscamera.obj
d:\my documents\2019_2020_sem2\dm2240 agdev\teaching materials\week_03\practical\nyp_framework_week03_solution\base\for_v120\genericentity.obj
d:\my documents\2019_2020_sem2\dm2240 agdev\teaching materials\week_03\practical\nyp_framework_week03_solution\base\for_v120\groundentity.obj
d:\my documents\2019_2020_sem2\dm2240 agdev\teaching materials\week_03\practical\nyp_framework_week03_solution\base\for_v120\controller.obj
d:\my documents\2019_2020_sem2\dm2240 agdev\teaching materials\week_03\practical\nyp_framework_week03_solution\base\for_v120\keyboard.obj
d:\my documents\2019_2020_sem2\dm2240 agdev\teaching materials\week_03\practical\nyp_framework_week03_solution\base\for_v120\mouse.obj
d:\my documents\2019_2020_sem2\dm2240 agdev\teaching materials\week_03\practical\nyp_framework_week03_solution\base\for_v120\light.obj
d:\my documents\2019_2020_sem2\dm2240 agdev\teaching materials\week_03\practical\nyp_framework_week03_solution\base\for_v120\main.obj
d:\my documents\2019_2020_sem2\dm2240 agdev\teaching materials\week_03\practical\nyp_framework_week03_solution\base\for_v120\minimap.obj
d:\my documents\2019_2020_sem2\dm2240 agdev\teaching materials\week_03\practical\nyp_framework_week03_solution\base\for_v120\objmesh.obj
d:\my documents\2019_2020_sem2\dm2240 agdev\teaching materials\week_03\practical\nyp_framework_week03_solution\base\for_v120\playerinfo.obj
d:\my documents\2019_2020_sem2\dm2240 agdev\teaching materials\week_03\practical\nyp_framework_week03_solution\base\for_v120\projectile.obj
d:\my documents\2019_2020_sem2\dm2240 agdev\teaching materials\week_03\practical\nyp_framework_week03_solution\base\for_v120\animation.obj
d:\my documents\2019_2020_sem2\dm2240 agdev\teaching materials\week_03\practical\nyp_framework_week03_solution\base\for_v120\enemy.obj
d:\my documents\2019_2020_sem2\dm2240 agdev\teaching materials\week_03\practical\nyp_framework_week03_solution\for_v120\base.exe
d:\my documents\2019_2020_sem2\dm2240 agdev\teaching materials\week_03\practical\nyp_framework_week03_solution\for_v120\base.pdb
d:\my documents\2019_2020_sem2\dm2240 agdev\teaching materials\week_03\practical\nyp_framework_week03_solution\base\for_v120\base.tlog\cl.command.1.tlog
d:\my documents\2019_2020_sem2\dm2240 agdev\teaching materials\week_03\practical\nyp_framework_week03_solution\base\for_v120\base.tlog\cl.read.1.tlog
d:\my documents\2019_2020_sem2\dm2240 agdev\teaching materials\week_03\practical\nyp_framework_week03_solution\base\for_v120\base.tlog\cl.write.1.tlog
d:\my documents\2019_2020_sem2\dm2240 agdev\teaching materials\week_03\practical\nyp_framework_week03_solution\base\for_v120\base.tlog\link.command.1.tlog
d:\my documents\2019_2020_sem2\dm2240 agdev\teaching materials\week_03\practical\nyp_framework_week03_solution\base\for_v120\base.tlog\link.read.1.tlog
d:\my documents\2019_2020_sem2\dm2240 agdev\teaching materials\week_03\practical\nyp_framework_week03_solution\base\for_v120\base.tlog\link.write.1.tlog
