c:\users\tohdj\desktop\week_01\practical\nyp_framework_week01_solution_additionaltask\base\debug\vc141.pdb
c:\users\tohdj\desktop\week_01\practical\nyp_framework_week01_solution_additionaltask\base\debug\vc141.idb
c:\users\tohdj\desktop\week_01\practical\nyp_framework_week01_solution_additionaltask\base\debug\goodiesfactory.obj
c:\users\tohdj\desktop\week_01\practical\nyp_framework_week01_solution_additionaltask\base\debug\goodies.obj
c:\users\tohdj\desktop\week_01\practical\nyp_framework_week01_solution_additionaltask\base\debug\enemy.obj
c:\users\tohdj\desktop\week_01\practical\nyp_framework_week01_solution_additionaltask\base\debug\animation.obj
c:\users\tohdj\desktop\week_01\practical\nyp_framework_week01_solution_additionaltask\base\debug\projectile.obj
c:\users\tohdj\desktop\week_01\practical\nyp_framework_week01_solution_additionaltask\base\debug\playerinfo.obj
c:\users\tohdj\desktop\week_01\practical\nyp_framework_week01_solution_additionaltask\base\debug\objmesh.obj
c:\users\tohdj\desktop\week_01\practical\nyp_framework_week01_solution_additionaltask\base\debug\minimap.obj
c:\users\tohdj\desktop\week_01\practical\nyp_framework_week01_solution_additionaltask\base\debug\main.obj
c:\users\tohdj\desktop\week_01\practical\nyp_framework_week01_solution_additionaltask\base\debug\light.obj
c:\users\tohdj\desktop\week_01\practical\nyp_framework_week01_solution_additionaltask\base\debug\mouse.obj
c:\users\tohdj\desktop\week_01\practical\nyp_framework_week01_solution_additionaltask\base\debug\keyboard.obj
c:\users\tohdj\desktop\week_01\practical\nyp_framework_week01_solution_additionaltask\base\debug\controller.obj
c:\users\tohdj\desktop\week_01\practical\nyp_framework_week01_solution_additionaltask\base\debug\groundentity.obj
c:\users\tohdj\desktop\week_01\practical\nyp_framework_week01_solution_additionaltask\base\debug\genericentity.obj
c:\users\tohdj\desktop\week_01\practical\nyp_framework_week01_solution_additionaltask\base\debug\fpscamera.obj
c:\users\tohdj\desktop\week_01\practical\nyp_framework_week01_solution_additionaltask\base\debug\entitymanager.obj
c:\users\tohdj\desktop\week_01\practical\nyp_framework_week01_solution_additionaltask\base\debug\enemy3d.obj
c:\users\tohdj\desktop\week_01\practical\nyp_framework_week01_solution_additionaltask\base\debug\cameraeffects.obj
c:\users\tohdj\desktop\week_01\practical\nyp_framework_week01_solution_additionaltask\base\debug\application.obj
c:\users\tohdj\desktop\week_01\practical\nyp_framework_week01_solution_additionaltask\base\debug\weaponinfo.obj
c:\users\tohdj\desktop\week_01\practical\nyp_framework_week01_solution_additionaltask\base\debug\rpg.obj
c:\users\tohdj\desktop\week_01\practical\nyp_framework_week01_solution_additionaltask\base\debug\pistol.obj
c:\users\tohdj\desktop\week_01\practical\nyp_framework_week01_solution_additionaltask\base\debug\textentity.obj
c:\users\tohdj\desktop\week_01\practical\nyp_framework_week01_solution_additionaltask\base\debug\spriteentity.obj
c:\users\tohdj\desktop\week_01\practical\nyp_framework_week01_solution_additionaltask\base\debug\soundengine.obj
c:\users\tohdj\desktop\week_01\practical\nyp_framework_week01_solution_additionaltask\base\debug\skyboxentity.obj
c:\users\tohdj\desktop\week_01\practical\nyp_framework_week01_solution_additionaltask\base\debug\scenetext.obj
c:\users\tohdj\desktop\week_01\practical\nyp_framework_week01_solution_additionaltask\base\debug\treasurechest.obj
c:\users\tohdj\desktop\week_01\practical\nyp_framework_week01_solution_additionaltask\base\debug\strategy_kill.obj
c:\users\tohdj\desktop\week_01\practical\nyp_framework_week01_solution_additionaltask\base\debug\strategy.obj
c:\users\tohdj\desktop\week_01\practical\nyp_framework_week01_solution_additionaltask\base\debug\scene2d.obj
c:\users\tohdj\desktop\week_01\practical\nyp_framework_week01_solution_additionaltask\base\debug\playerinfo2d.obj
c:\users\tohdj\desktop\week_01\practical\nyp_framework_week01_solution_additionaltask\base\debug\map.obj
c:\users\tohdj\desktop\week_01\practical\nyp_framework_week01_solution_additionaltask\debug\base.exe
c:\users\tohdj\desktop\week_01\practical\nyp_framework_week01_solution_additionaltask\debug\base.pdb
c:\users\tohdj\desktop\week_01\practical\nyp_framework_week01_solution_additionaltask\base\debug\base.tlog\cl.command.1.tlog
c:\users\tohdj\desktop\week_01\practical\nyp_framework_week01_solution_additionaltask\base\debug\base.tlog\cl.read.1.tlog
c:\users\tohdj\desktop\week_01\practical\nyp_framework_week01_solution_additionaltask\base\debug\base.tlog\cl.write.1.tlog
c:\users\tohdj\desktop\week_01\practical\nyp_framework_week01_solution_additionaltask\base\debug\base.tlog\link.command.1.tlog
c:\users\tohdj\desktop\week_01\practical\nyp_framework_week01_solution_additionaltask\base\debug\base.tlog\link.read.1.tlog
c:\users\tohdj\desktop\week_01\practical\nyp_framework_week01_solution_additionaltask\base\debug\base.tlog\link.write.1.tlog
