d:\my documents\2019_2020_sem2\dm2240 agdev\teaching materials\week_03\practical\nyp_framework_week03_solution\common\for_v120\vc120.pdb
d:\my documents\2019_2020_sem2\dm2240 agdev\teaching materials\week_03\practical\nyp_framework_week03_solution\common\for_v120\vc120.idb
d:\my documents\2019_2020_sem2\dm2240 agdev\teaching materials\week_03\practical\nyp_framework_week03_solution\common\for_v120\fpscounter.obj
d:\my documents\2019_2020_sem2\dm2240 agdev\teaching materials\week_03\practical\nyp_framework_week03_solution\common\for_v120\graphicsmanager.obj
d:\my documents\2019_2020_sem2\dm2240 agdev\teaching materials\week_03\practical\nyp_framework_week03_solution\common\for_v120\keyboardcontroller.obj
d:\my documents\2019_2020_sem2\dm2240 agdev\teaching materials\week_03\practical\nyp_framework_week03_solution\common\for_v120\lightbase.obj
d:\my documents\2019_2020_sem2\dm2240 agdev\teaching materials\week_03\practical\nyp_framework_week03_solution\common\for_v120\loadobj.obj
d:\my documents\2019_2020_sem2\dm2240 agdev\teaching materials\week_03\practical\nyp_framework_week03_solution\common\for_v120\loadtga.obj
d:\my documents\2019_2020_sem2\dm2240 agdev\teaching materials\week_03\practical\nyp_framework_week03_solution\common\for_v120\mathutility.obj
d:\my documents\2019_2020_sem2\dm2240 agdev\teaching materials\week_03\practical\nyp_framework_week03_solution\common\for_v120\matrixstack.obj
d:\my documents\2019_2020_sem2\dm2240 agdev\teaching materials\week_03\practical\nyp_framework_week03_solution\common\for_v120\mesh.obj
d:\my documents\2019_2020_sem2\dm2240 agdev\teaching materials\week_03\practical\nyp_framework_week03_solution\common\for_v120\meshbuilder.obj
d:\my documents\2019_2020_sem2\dm2240 agdev\teaching materials\week_03\practical\nyp_framework_week03_solution\common\for_v120\mousecontroller.obj
d:\my documents\2019_2020_sem2\dm2240 agdev\teaching materials\week_03\practical\nyp_framework_week03_solution\common\for_v120\mtx44.obj
d:\my documents\2019_2020_sem2\dm2240 agdev\teaching materials\week_03\practical\nyp_framework_week03_solution\common\for_v120\renderhelper.obj
d:\my documents\2019_2020_sem2\dm2240 agdev\teaching materials\week_03\practical\nyp_framework_week03_solution\common\for_v120\scenemanager.obj
d:\my documents\2019_2020_sem2\dm2240 agdev\teaching materials\week_03\practical\nyp_framework_week03_solution\common\for_v120\shaderprogram.obj
d:\my documents\2019_2020_sem2\dm2240 agdev\teaching materials\week_03\practical\nyp_framework_week03_solution\common\for_v120\timer.obj
d:\my documents\2019_2020_sem2\dm2240 agdev\teaching materials\week_03\practical\nyp_framework_week03_solution\common\for_v120\utility.obj
d:\my documents\2019_2020_sem2\dm2240 agdev\teaching materials\week_03\practical\nyp_framework_week03_solution\common\for_v120\vector2.obj
d:\my documents\2019_2020_sem2\dm2240 agdev\teaching materials\week_03\practical\nyp_framework_week03_solution\common\for_v120\vector3.obj
d:\my documents\2019_2020_sem2\dm2240 agdev\teaching materials\week_03\practical\nyp_framework_week03_solution\common\for_v120\win32input.obj
d:\my documents\2019_2020_sem2\dm2240 agdev\teaching materials\week_03\practical\nyp_framework_week03_solution\common\for_v120\camerabase.obj
d:\my documents\2019_2020_sem2\dm2240 agdev\teaching materials\week_03\practical\nyp_framework_week03_solution\common\for_v120\collider.obj
d:\my documents\2019_2020_sem2\dm2240 agdev\teaching materials\week_03\practical\nyp_framework_week03_solution\common\for_v120\entitybase.obj
d:\my documents\2019_2020_sem2\dm2240 agdev\teaching materials\week_03\practical\nyp_framework_week03_solution\for_v120\common.lib
d:\my documents\2019_2020_sem2\dm2240 agdev\teaching materials\week_03\practical\nyp_framework_week03_solution\common\for_v120\common.tlog\cl.command.1.tlog
d:\my documents\2019_2020_sem2\dm2240 agdev\teaching materials\week_03\practical\nyp_framework_week03_solution\common\for_v120\common.tlog\cl.read.1.tlog
d:\my documents\2019_2020_sem2\dm2240 agdev\teaching materials\week_03\practical\nyp_framework_week03_solution\common\for_v120\common.tlog\cl.write.1.tlog
d:\my documents\2019_2020_sem2\dm2240 agdev\teaching materials\week_03\practical\nyp_framework_week03_solution\common\for_v120\common.tlog\lib-link.write.1.tlog
d:\my documents\2019_2020_sem2\dm2240 agdev\teaching materials\week_03\practical\nyp_framework_week03_solution\common\for_v120\common.tlog\lib.command.1.tlog
d:\my documents\2019_2020_sem2\dm2240 agdev\teaching materials\week_03\practical\nyp_framework_week03_solution\common\for_v120\common.tlog\lib.read.1.tlog
